<?xml version="1.0" encoding="UTF-8"?>
<!-- Generated by org.testng.reporters.JUnitXMLReporter -->
<testsuite ignored="0" hostname="f3191f1a039a574" failures="0" tests="5" name="Test" time="0.074" errors="0" timestamp="2024-05-03T14:59:27 IST">
  <testcase classname="testNGTestcase.Sample1" name="aTest" time="0.01"/>
  <testcase classname="testNGTestcase.Sample1" name="cTest" time="0.003"/>
  <testcase classname="testNGTestcase.Sample1Test" name="dTest" time="0.005"/>
  <testcase classname="testNGTestcase.Sample1Test" name="eTest" time="0.001"/>
  <testcase classname="testNGTestcase.Sample1Test" name="fTest" time="0.001"/>
</testsuite> <!-- Test -->
