<?xml version="1.0" encoding="UTF-8"?>
<!-- Generated by org.testng.reporters.JUnitXMLReporter -->
<testsuite ignored="0" hostname="f3191f1a039a574" failures="0" tests="3" name="Default test" time="5.316" errors="0" timestamp="2024-05-13T20:55:40 IST">
  <testcase classname="systemTests.LoginScreen" name="verifyInvalidLogin_InvalidUserName" time="1.736"/>
  <testcase classname="systemTests.LoginScreen" name="verifyInvalidLogin_InvalidUserPassword" time="1.29"/>
  <testcase classname="systemTests.LoginScreen" name="abilityToLoginSuccessfully" time="1.159"/>
</testsuite> <!-- Default test -->
