<?xml version="1.0" encoding="UTF-8"?>
<testng-results ignored="0" total="3" passed="3" failed="0" skipped="0">
  <reporter-output>
  </reporter-output>
  <suite started-at="2024-05-13T20:55:34 IST" name="Default suite" finished-at="2024-05-13T20:55:40 IST" duration-ms="5316">
    <groups>
    </groups>
    <test started-at="2024-05-13T20:55:34 IST" name="Default test" finished-at="2024-05-13T20:55:40 IST" duration-ms="5316">
      <class name="systemTests.LoginScreen">
        <test-method is-config="true" signature="openBrowser()[pri:0, instance:systemTests.LoginScreen@7b36aa0c]" started-at="2024-05-13T20:55:29 IST" name="openBrowser" finished-at="2024-05-13T20:55:34 IST" duration-ms="5070" status="PASS">
          <reporter-output>
          </reporter-output>
        </test-method> <!-- openBrowser -->
        <test-method is-config="true" signature="setUP(java.lang.reflect.Method)[pri:0, instance:systemTests.LoginScreen@7b36aa0c]" started-at="2024-05-13T20:55:34 IST" name="setUP" finished-at="2024-05-13T20:55:34 IST" duration-ms="7" status="PASS">
          <params>
            <param index="0">
              <value>
                <![CDATA[public void systemTests.LoginScreen.verifyInvalidLogin_InvalidUserName()]]>
              </value>
            </param>
          </params>
          <reporter-output>
          </reporter-output>
        </test-method> <!-- setUP -->
        <test-method signature="verifyInvalidLogin_InvalidUserName()[pri:1, instance:systemTests.LoginScreen@7b36aa0c]" started-at="2024-05-13T20:55:34 IST" name="verifyInvalidLogin_InvalidUserName" finished-at="2024-05-13T20:55:36 IST" duration-ms="1736" status="PASS">
          <reporter-output>
          </reporter-output>
        </test-method> <!-- verifyInvalidLogin_InvalidUserName -->
        <test-method is-config="true" signature="afterExecution(org.testng.ITestResult)[pri:0, instance:systemTests.LoginScreen@7b36aa0c]" started-at="2024-05-13T20:55:36 IST" name="afterExecution" finished-at="2024-05-13T20:55:36 IST" duration-ms="167" status="PASS">
          <params>
            <param index="0">
              <value>
                <![CDATA[[TestResult name=verifyInvalidLogin_InvalidUserName status=SUCCESS method=LoginScreen.verifyInvalidLogin_InvalidUserName()[pri:1, instance:systemTests.LoginScreen@7b36aa0c] output={null}]]]>
              </value>
            </param>
          </params>
          <reporter-output>
          </reporter-output>
        </test-method> <!-- afterExecution -->
        <test-method signature="verifyInvalidLogin_InvalidUserPassword()[pri:2, instance:systemTests.LoginScreen@7b36aa0c]" started-at="2024-05-13T20:55:36 IST" name="verifyInvalidLogin_InvalidUserPassword" finished-at="2024-05-13T20:55:38 IST" duration-ms="1290" status="PASS">
          <reporter-output>
          </reporter-output>
        </test-method> <!-- verifyInvalidLogin_InvalidUserPassword -->
        <test-method is-config="true" signature="setUP(java.lang.reflect.Method)[pri:0, instance:systemTests.LoginScreen@7b36aa0c]" started-at="2024-05-13T20:55:36 IST" name="setUP" finished-at="2024-05-13T20:55:36 IST" duration-ms="0" status="PASS">
          <params>
            <param index="0">
              <value>
                <![CDATA[public void systemTests.LoginScreen.verifyInvalidLogin_InvalidUserPassword()]]>
              </value>
            </param>
          </params>
          <reporter-output>
          </reporter-output>
        </test-method> <!-- setUP -->
        <test-method is-config="true" signature="afterExecution(org.testng.ITestResult)[pri:0, instance:systemTests.LoginScreen@7b36aa0c]" started-at="2024-05-13T20:55:38 IST" name="afterExecution" finished-at="2024-05-13T20:55:38 IST" duration-ms="187" status="PASS">
          <params>
            <param index="0">
              <value>
                <![CDATA[[TestResult name=verifyInvalidLogin_InvalidUserPassword status=SUCCESS method=LoginScreen.verifyInvalidLogin_InvalidUserPassword()[pri:2, instance:systemTests.LoginScreen@7b36aa0c] output={null}]]]>
              </value>
            </param>
          </params>
          <reporter-output>
          </reporter-output>
        </test-method> <!-- afterExecution -->
        <test-method is-config="true" signature="setUP(java.lang.reflect.Method)[pri:0, instance:systemTests.LoginScreen@7b36aa0c]" started-at="2024-05-13T20:55:38 IST" name="setUP" finished-at="2024-05-13T20:55:38 IST" duration-ms="1" status="PASS">
          <params>
            <param index="0">
              <value>
                <![CDATA[public void systemTests.LoginScreen.abilityToLoginSuccessfully()]]>
              </value>
            </param>
          </params>
          <reporter-output>
          </reporter-output>
        </test-method> <!-- setUP -->
        <test-method signature="abilityToLoginSuccessfully()[pri:3, instance:systemTests.LoginScreen@7b36aa0c]" started-at="2024-05-13T20:55:38 IST" name="abilityToLoginSuccessfully" finished-at="2024-05-13T20:55:39 IST" duration-ms="1159" status="PASS">
          <reporter-output>
          </reporter-output>
        </test-method> <!-- abilityToLoginSuccessfully -->
        <test-method is-config="true" signature="afterExecution(org.testng.ITestResult)[pri:0, instance:systemTests.LoginScreen@7b36aa0c]" started-at="2024-05-13T20:55:39 IST" name="afterExecution" finished-at="2024-05-13T20:55:39 IST" duration-ms="399" status="PASS">
          <params>
            <param index="0">
              <value>
                <![CDATA[[TestResult name=abilityToLoginSuccessfully status=SUCCESS method=LoginScreen.abilityToLoginSuccessfully()[pri:3, instance:systemTests.LoginScreen@7b36aa0c] output={null}]]]>
              </value>
            </param>
          </params>
          <reporter-output>
          </reporter-output>
        </test-method> <!-- afterExecution -->
        <test-method is-config="true" signature="end()[pri:0, instance:systemTests.LoginScreen@7b36aa0c]" started-at="2024-05-13T20:55:39 IST" name="end" finished-at="2024-05-13T20:55:40 IST" duration-ms="335" status="PASS">
          <reporter-output>
          </reporter-output>
        </test-method> <!-- end -->
      </class> <!-- systemTests.LoginScreen -->
    </test> <!-- Default test -->
  </suite> <!-- Default suite -->
</testng-results>
